[2025-10-21 13:31:42.255] [global] [info] [git_source_control.cc:522] failed to compute merge base - no merge base found
[2025-10-21 13:31:48.207] [global] [info] [service.cc:256] lint session ended sid=44
[2025-10-21 13:31:48.207] [global] [info] [service.cc:258] [user-agent=lsp-proxy sid=44] RX:virtual grpc::Status trunk::cli::lint::Service::End(grpc::ServerContext *, const proto::v1::EndRequest *, proto::v1::EndResponse *)
[2025-10-21 13:31:48.208] [global] [info] [app_context.cc:392] TryGetTrunkConfigPb failed
[2025-10-21 13:31:48.208] [global] [info] [service.cc:258] [user-agent=lsp-proxy sid=44] TX:virtual grpc::Status trunk::cli::lint::Service::End(grpc::ServerContext *, const proto::v1::EndRequest *, proto::v1::EndResponse *) status=OK
[2025-10-21 13:31:48.215] [global] [info] [service.cc:325] [user-agent=lsp-proxy sid=n/a] RX:virtual grpc::Status trunk::cli::lint::Service::End(grpc::ServerContext *, const proto::v1::EndRequest *, proto::v1::EndResponse *)
[2025-10-21 13:31:48.308] [global] [info] [service.cc:325] [user-agent=lsp-proxy sid=n/a] TX:virtual grpc::Status trunk::cli::lint::Service::End(grpc::ServerContext *, const proto::v1::EndRequest *, proto::v1::EndResponse *) status=OK
[2025-10-21 13:31:48.313] [global] [info] [service.cc:256] lint session ended sid=43
[2025-10-21 13:31:48.313] [global] [info] [service.cc:258] [user-agent=lsp-proxy sid=43] RX:virtual grpc::Status trunk::cli::lint::Service::End(grpc::ServerContext *, const proto::v1::EndRequest *, proto::v1::EndResponse *)
[2025-10-21 13:31:48.314] [global] [info] [app_context.cc:392] TryGetTrunkConfigPb failed
[2025-10-21 13:31:48.314] [global] [info] [service.cc:258] [user-agent=lsp-proxy sid=43] TX:virtual grpc::Status trunk::cli::lint::Service::End(grpc::ServerContext *, const proto::v1::EndRequest *, proto::v1::EndResponse *) status=OK
[2025-10-21 13:31:48.314] [global] [info] [service.cc:325] [user-agent=lsp-proxy sid=n/a] RX:virtual grpc::Status trunk::cli::lint::Service::End(grpc::ServerContext *, const proto::v1::EndRequest *, proto::v1::EndResponse *)
[2025-10-21 13:31:48.323] [global] [info] [service.cc:325] [user-agent=lsp-proxy sid=n/a] TX:virtual grpc::Status trunk::cli::lint::Service::End(grpc::ServerContext *, const proto::v1::EndRequest *, proto::v1::EndResponse *) status=OK
[2025-10-21 13:31:51.586] [global] [info] [git_source_control.cc:517] Computing merge base between 93f71f3885303ffdb4a80cdb47a3013ceb1cdd06 and 2e5ed414528af5e0c5340e692a18a61d0f61d182
[2025-10-21 13:31:51.587] [global] [info] [git_source_control.cc:522] failed to compute merge base - no merge base found
[2025-10-21 13:31:52.759] [global] [info] [git_source_control.cc:517] Computing merge base between 93f71f3885303ffdb4a80cdb47a3013ceb1cdd06 and 2e5ed414528af5e0c5340e692a18a61d0f61d182
[2025-10-21 13:31:52.760] [global] [info] [git_source_control.cc:522] failed to compute merge base - no merge base found
[2025-10-21 13:32:16.225] [global] [info] [git_source_control.cc:517] Computing merge base between 93f71f3885303ffdb4a80cdb47a3013ceb1cdd06 and 2e5ed414528af5e0c5340e692a18a61d0f61d182
[2025-10-21 13:32:16.226] [global] [info] [git_source_control.cc:522] failed to compute merge base - no merge base found
[2025-10-21 13:32:44.254] [global] [info] [git_source_control.cc:517] Computing merge base between 93f71f3885303ffdb4a80cdb47a3013ceb1cdd06 and 2e5ed414528af5e0c5340e692a18a61d0f61d182
[2025-10-21 13:32:44.254] [global] [info] [git_source_control.cc:522] failed to compute merge base - no merge base found
[2025-10-21 13:33:05.869] [global] [info] [git_source_control.cc:517] Computing merge base between 93f71f3885303ffdb4a80cdb47a3013ceb1cdd06 and 2e5ed414528af5e0c5340e692a18a61d0f61d182
[2025-10-21 13:33:05.870] [global] [info] [git_source_control.cc:522] failed to compute merge base - no merge base found
[2025-10-21 13:33:17.372] [global] [info] [git_source_control.cc:517] Computing merge base between 93f71f3885303ffdb4a80cdb47a3013ceb1cdd06 and 2e5ed414528af5e0c5340e692a18a61d0f61d182
[2025-10-21 13:33:17.372] [global] [info] [git_source_control.cc:522] failed to compute merge base - no merge base found
[2025-10-21 13:33:30.229] [global] [info] [git_source_control.cc:517] Computing merge base between 93f71f3885303ffdb4a80cdb47a3013ceb1cdd06 and 2e5ed414528af5e0c5340e692a18a61d0f61d182
[2025-10-21 13:33:30.230] [global] [info] [git_source_control.cc:522] failed to compute merge base - no merge base found
[2025-10-21 13:33:41.505] [global] [info] [git_source_control.cc:517] Computing merge base between 93f71f3885303ffdb4a80cdb47a3013ceb1cdd06 and 2e5ed414528af5e0c5340e692a18a61d0f61d182
[2025-10-21 13:33:41.506] [global] [info] [git_source_control.cc:522] failed to compute merge base - no merge base found
[2025-10-21 13:33:54.618] [global] [info] [git_source_control.cc:517] Computing merge base between 93f71f3885303ffdb4a80cdb47a3013ceb1cdd06 and 2e5ed414528af5e0c5340e692a18a61d0f61d182
[2025-10-21 13:33:54.619] [global] [info] [git_source_control.cc:522] failed to compute merge base - no merge base found
[2025-10-21 13:34:09.507] [global] [info] [git_source_control.cc:517] Computing merge base between 4110cdc10b818e24da270b995de55bd1b8473dd1 and 2e5ed414528af5e0c5340e692a18a61d0f61d182
[2025-10-21 13:34:09.532] [global] [info] [git_source_control.cc:522] failed to compute merge base - no merge base found
[2025-10-21 13:34:16.052] [global] [info] [git_source_control.cc:517] Computing merge base between 4110cdc10b818e24da270b995de55bd1b8473dd1 and 4110cdc10b818e24da270b995de55bd1b8473dd1
[2025-10-21 13:34:16.052] [global] [info] [git_source_control.cc:519] Resolved divergent commit as 4110cdc10b818e24da270b995de55bd1b8473dd1
[2025-10-21 13:34:16.072] [global] [info] [app_context.cc:392] TryGetTrunkConfigPb failed
[2025-10-21 13:34:16.072] [global] [info] [app_context.cc:392] TryGetTrunkConfigPb failed
[2025-10-21 13:34:16.072] [global] [info] [app_context.cc:392] TryGetTrunkConfigPb failed
[2025-10-21 13:34:16.073] [global] [info] [app_context.cc:392] TryGetTrunkConfigPb failed
[2025-10-21 13:35:54.367] [global] [info] [git_source_control.cc:517] Computing merge base between 4110cdc10b818e24da270b995de55bd1b8473dd1 and 4110cdc10b818e24da270b995de55bd1b8473dd1
[2025-10-21 13:35:54.367] [global] [info] [git_source_control.cc:519] Resolved divergent commit as 4110cdc10b818e24da270b995de55bd1b8473dd1
[2025-10-21 13:35:54.416] [global] [info] [app_context.cc:392] TryGetTrunkConfigPb failed
[2025-10-21 13:35:54.416] [global] [info] [app_context.cc:392] TryGetTrunkConfigPb failed
[2025-10-21 13:35:54.416] [global] [info] [app_context.cc:392] TryGetTrunkConfigPb failed
[2025-10-21 13:35:54.417] [global] [info] [app_context.cc:392] TryGetTrunkConfigPb failed
[2025-10-21 13:35:55.283] [global] [info] [git_source_control.cc:517] Computing merge base between 4110cdc10b818e24da270b995de55bd1b8473dd1 and 4110cdc10b818e24da270b995de55bd1b8473dd1
[2025-10-21 13:35:55.283] [global] [info] [git_source_control.cc:519] Resolved divergent commit as 4110cdc10b818e24da270b995de55bd1b8473dd1
[2025-10-21 13:35:55.320] [global] [info] [app_context.cc:392] TryGetTrunkConfigPb failed
[2025-10-21 13:35:55.320] [global] [info] [app_context.cc:392] TryGetTrunkConfigPb failed
[2025-10-21 13:35:55.321] [global] [info] [app_context.cc:392] TryGetTrunkConfigPb failed
[2025-10-21 13:35:55.322] [global] [info] [app_context.cc:392] TryGetTrunkConfigPb failed
[2025-10-21 13:35:56.202] [global] [info] [git_source_control.cc:517] Computing merge base between 4110cdc10b818e24da270b995de55bd1b8473dd1 and 4110cdc10b818e24da270b995de55bd1b8473dd1
[2025-10-21 13:35:56.202] [global] [info] [git_source_control.cc:519] Resolved divergent commit as 4110cdc10b818e24da270b995de55bd1b8473dd1
[2025-10-21 13:35:56.219] [global] [info] [app_context.cc:392] TryGetTrunkConfigPb failed
[2025-10-21 13:35:56.219] [global] [info] [app_context.cc:392] TryGetTrunkConfigPb failed
[2025-10-21 13:35:56.219] [global] [info] [app_context.cc:392] TryGetTrunkConfigPb failed
[2025-10-21 13:35:56.220] [global] [info] [app_context.cc:392] TryGetTrunkConfigPb failed
[2025-10-21 13:36:01.037] [global] [info] [git_source_control.cc:517] Computing merge base between 4110cdc10b818e24da270b995de55bd1b8473dd1 and 4110cdc10b818e24da270b995de55bd1b8473dd1
[2025-10-21 13:36:01.037] [global] [info] [git_source_control.cc:519] Resolved divergent commit as 4110cdc10b818e24da270b995de55bd1b8473dd1
[2025-10-21 13:36:01.051] [global] [info] [app_context.cc:392] TryGetTrunkConfigPb failed
[2025-10-21 13:36:01.051] [global] [info] [app_context.cc:392] TryGetTrunkConfigPb failed
[2025-10-21 13:36:01.052] [global] [info] [app_context.cc:392] TryGetTrunkConfigPb failed
[2025-10-21 13:36:01.052] [global] [info] [app_context.cc:392] TryGetTrunkConfigPb failed
